sh: Phpstorn: No such file or directory
sh: Phpstorn: No such file or directory
OpenJDK 64-Bit Server VM warning: Option UseConcMarkSweepGC was deprecated in version 9.0 and will likely be removed in a future release.
Feb 28, 2021 5:30:37 PM java.util.prefs.FileSystemPreferences$1 run
INFO: Created user preferences directory.
Feb 28, 2021 5:30:37 PM java.util.prefs.FileSystemPreferences$6 run
WARNING: Prefs file removed in background /home/rafael/.java/.userPrefs/prefs.xml
OpenJDK 64-Bit Server VM warning: Option UseConcMarkSweepGC was deprecated in version 9.0 and will likely be removed in a future release.
2021-03-05 10:59:04,792 [  40362]  ERROR - #com.intellij.ui.jcef.JBCefApp - /home/rafael/tools/PhpStorm-203.7148.74/jbr/lib/libjcef.so: libXss.so.1: cannot open shared object file: No such file or directory 
java.lang.Throwable: /home/rafael/tools/PhpStorm-203.7148.74/jbr/lib/libjcef.so: libXss.so.1: cannot open shared object file: No such file or directory
	at com.intellij.openapi.diagnostic.Logger.error(Logger.java:159)
	at com.intellij.ui.jcef.JBCefApp.<init>(JBCefApp.java:86)
	at com.intellij.ui.jcef.JBCefApp$Holder.<clinit>(JBCefApp.java:217)
	at com.intellij.ui.jcef.JBCefApp.getInstance(JBCefApp.java:194)
	at com.intellij.ui.jcef.JCEFHtmlPanel.<clinit>(JCEFHtmlPanel.java:18)
	at org.intellij.plugins.markdown.ui.preview.jcef.JCEFHtmlPanelProvider.createHtmlPanel(JCEFHtmlPanelProvider.java:14)
	at org.intellij.plugins.markdown.ui.preview.MarkdownPreviewFileEditor.attachHtmlPanel(MarkdownPreviewFileEditor.java:337)
	at org.intellij.plugins.markdown.ui.preview.MarkdownPreviewFileEditor.<init>(MarkdownPreviewFileEditor.java:127)
	at org.intellij.plugins.markdown.ui.preview.MarkdownPreviewFileEditorProvider.createEditor(MarkdownPreviewFileEditorProvider.java:28)
	at org.intellij.plugins.markdown.ui.split.SplitTextEditorProvider$2.build(SplitTextEditorProvider.java:146)
	at org.intellij.plugins.markdown.ui.split.SplitTextEditorProvider$1.build(SplitTextEditorProvider.java:71)
	at com.intellij.openapi.fileEditor.impl.FileEditorManagerImpl.openFileImpl4Edt(FileEditorManagerImpl.java:891)
	at com.intellij.openapi.fileEditor.impl.FileEditorManagerImpl.lambda$openFileImpl4$17(FileEditorManagerImpl.java:860)
	at com.intellij.openapi.fileEditor.impl.FileEditorManagerImpl.runBulkTabChange(FileEditorManagerImpl.java:1680)
	at com.intellij.openapi.fileEditor.impl.FileEditorManagerImpl.lambda$openFileImpl4$18(FileEditorManagerImpl.java:859)
	at com.intellij.openapi.application.impl.ApplicationImpl.invokeAndWait(ApplicationImpl.java:463)
	at com.intellij.openapi.application.impl.ApplicationImpl.invokeAndWait(ApplicationImpl.java:481)
	at com.intellij.openapi.fileEditor.impl.FileEditorManagerImpl.openFileImpl4(FileEditorManagerImpl.java:858)
	at com.intellij.openapi.fileEditor.impl.FileEditorManagerImpl.openFileImpl3(FileEditorManagerImpl.java:804)
	at com.intellij.openapi.fileEditor.impl.FileEditorManagerImpl.lambda$openFileImpl2$14(FileEditorManagerImpl.java:785)
	at com.intellij.openapi.command.impl.CoreCommandProcessor.executeCommand(CoreCommandProcessor.java:220)
	at com.intellij.openapi.command.impl.CoreCommandProcessor.executeCommand(CoreCommandProcessor.java:177)
	at com.intellij.openapi.command.impl.CoreCommandProcessor.executeCommand(CoreCommandProcessor.java:167)
	at com.intellij.openapi.command.impl.CoreCommandProcessor.executeCommand(CoreCommandProcessor.java:153)
	at com.intellij.openapi.fileEditor.impl.FileEditorManagerImpl.openFileImpl2(FileEditorManagerImpl.java:785)
	at com.intellij.openapi.fileEditor.impl.FileEditorManagerImpl.openFileWithProviders(FileEditorManagerImpl.java:678)
	at com.intellij.openapi.fileEditor.ex.FileEditorManagerEx.openFile(FileEditorManagerEx.java:126)
	at com.intellij.openapi.fileEditor.impl.OpenFilesActivity.lambda$findAndOpenReadme$3(OpenFilesActivity.java:67)
	at com.intellij.openapi.application.TransactionGuardImpl.runWithWritingAllowed(TransactionGuardImpl.java:216)
	at com.intellij.openapi.application.TransactionGuardImpl.access$200(TransactionGuardImpl.java:24)
	at com.intellij.openapi.application.TransactionGuardImpl$2.run(TransactionGuardImpl.java:199)
	at com.intellij.openapi.application.impl.ApplicationImpl.runIntendedWriteActionOnCurrentThread(ApplicationImpl.java:822)
	at com.intellij.openapi.application.impl.ApplicationImpl.lambda$invokeLater$4(ApplicationImpl.java:324)
	at com.intellij.openapi.application.impl.FlushQueue.doRun(FlushQueue.java:85)
	at com.intellij.openapi.application.impl.FlushQueue.runNextEvent(FlushQueue.java:134)
	at com.intellij.openapi.application.impl.FlushQueue.flushNow(FlushQueue.java:47)
	at com.intellij.openapi.application.impl.FlushQueue$FlushNow.run(FlushQueue.java:190)
	at java.desktop/java.awt.event.InvocationEvent.dispatch(InvocationEvent.java:313)
	at java.desktop/java.awt.EventQueue.dispatchEventImpl(EventQueue.java:776)
	at java.desktop/java.awt.EventQueue$4.run(EventQueue.java:727)
	at java.desktop/java.awt.EventQueue$4.run(EventQueue.java:721)
	at java.base/java.security.AccessController.doPrivileged(Native Method)
	at java.base/java.security.ProtectionDomain$JavaSecurityAccessImpl.doIntersectionPrivilege(ProtectionDomain.java:85)
	at java.desktop/java.awt.EventQueue.dispatchEvent(EventQueue.java:746)
	at com.intellij.ide.IdeEventQueue.defaultDispatchEvent(IdeEventQueue.java:976)
	at com.intellij.ide.IdeEventQueue._dispatchEvent(IdeEventQueue.java:843)
	at com.intellij.ide.IdeEventQueue.lambda$dispatchEvent$8(IdeEventQueue.java:454)
	at com.intellij.openapi.progress.impl.CoreProgressManager.computePrioritized(CoreProgressManager.java:773)
	at com.intellij.ide.IdeEventQueue.lambda$dispatchEvent$9(IdeEventQueue.java:453)
	at com.intellij.openapi.application.impl.ApplicationImpl.runIntendedWriteActionOnCurrentThread(ApplicationImpl.java:822)
	at com.intellij.ide.IdeEventQueue.dispatchEvent(IdeEventQueue.java:501)
	at com.intellij.ide.IdeEventQueue.pumpEventsForHierarchy(IdeEventQueue.java:1053)
	at com.intellij.openapi.progress.util.ProgressWindow.pumpEventsForHierarchy(ProgressWindow.java:255)
	at com.intellij.openapi.progress.util.ProgressWindow.lambda$startBlocking$4(ProgressWindow.java:217)
	at com.intellij.openapi.application.impl.ApplicationImpl.runUnlockingIntendedWrite(ApplicationImpl.java:848)
	at com.intellij.openapi.progress.util.ProgressWindow.startBlocking(ProgressWindow.java:216)
	at com.intellij.openapi.progress.impl.ProgressRunner.lambda$legacyExec$6(ProgressRunner.java:304)
	at java.base/java.util.concurrent.CompletableFuture.uniAcceptNow(CompletableFuture.java:753)
	at java.base/java.util.concurrent.CompletableFuture.uniAcceptStage(CompletableFuture.java:731)
	at java.base/java.util.concurrent.CompletableFuture.thenAccept(CompletableFuture.java:2108)
	at com.intellij.openapi.progress.impl.ProgressRunner.legacyExec(ProgressRunner.java:302)
	at com.intellij.openapi.progress.impl.ProgressRunner.submit(ProgressRunner.java:250)
	at com.intellij.openapi.progress.impl.ProgressRunner.submitAndGet(ProgressRunner.java:171)
	at com.intellij.openapi.application.impl.ApplicationImpl.runProcessWithProgressSynchronously(ApplicationImpl.java:422)
	at com.intellij.openapi.project.impl.ProjectUiFrameAllocator.run(ProjectFrameAllocator.kt:102)
	at com.intellij.openapi.project.impl.ProjectManagerExImpl.openProject(ProjectManagerExImpl.kt:99)
	at com.intellij.ide.actions.OpenFileAction.openExistingDir(OpenFileAction.java:156)
	at com.intellij.ide.actions.OpenFileAction.doOpenFile(OpenFileAction.java:112)
	at com.intellij.ide.actions.OpenFileAction.lambda$actionPerformed$0(OpenFileAction.java:73)
	at com.intellij.openapi.fileChooser.ex.FileChooserDialogImpl.choose(FileChooserDialogImpl.java:146)
	at com.intellij.openapi.fileChooser.FileChooser.chooseFiles(FileChooser.java:101)
	at com.intellij.openapi.fileChooser.FileChooser.chooseFiles(FileChooser.java:79)
	at com.intellij.ide.actions.OpenFileAction.actionPerformed(OpenFileAction.java:64)
	at com.intellij.openapi.actionSystem.ex.ActionUtil.performActionDumbAware(ActionUtil.java:281)
	at com.intellij.openapi.actionSystem.ex.ActionUtil.performActionDumbAwareWithCallbacks(ActionUtil.java:275)
	at com.intellij.openapi.wm.impl.welcomeScreen.WelcomeScreenActionsUtil.performAnActionForComponent(WelcomeScreenActionsUtil.java:99)
	at com.intellij.openapi.wm.impl.welcomeScreen.WelcomeScreenActionsUtil$LargeIconWithTextWrapper.lambda$new$0(WelcomeScreenActionsUtil.java:128)
	at java.desktop/javax.swing.AbstractButton.fireActionPerformed(AbstractButton.java:1967)
	at java.desktop/javax.swing.AbstractButton$Handler.actionPerformed(AbstractButton.java:2308)
	at java.desktop/javax.swing.DefaultButtonModel.fireActionPerformed(DefaultButtonModel.java:405)
	at java.desktop/javax.swing.DefaultButtonModel.setPressed(DefaultButtonModel.java:262)
	at java.desktop/javax.swing.plaf.basic.BasicButtonListener.mouseReleased(BasicButtonListener.java:270)
	at java.desktop/java.awt.AWTEventMulticaster.mouseReleased(AWTEventMulticaster.java:297)
	at java.desktop/java.awt.Component.processMouseEvent(Component.java:6652)
	at java.desktop/javax.swing.JComponent.processMouseEvent(JComponent.java:3345)
	at java.desktop/java.awt.Component.processEvent(Component.java:6417)
	at java.desktop/java.awt.Container.processEvent(Container.java:2263)
	at java.desktop/java.awt.Component.dispatchEventImpl(Component.java:5027)
	at java.desktop/java.awt.Container.dispatchEventImpl(Container.java:2321)
	at java.desktop/java.awt.Component.dispatchEvent(Component.java:4859)
	at java.desktop/java.awt.LightweightDispatcher.retargetMouseEvent(Container.java:4918)
	at java.desktop/java.awt.LightweightDispatcher.processMouseEvent(Container.java:4547)
	at java.desktop/java.awt.LightweightDispatcher.dispatchEvent(Container.java:4488)
	at java.desktop/java.awt.Container.dispatchEventImpl(Container.java:2307)
	at java.desktop/java.awt.Window.dispatchEventImpl(Window.java:2780)
	at java.desktop/java.awt.Component.dispatchEvent(Component.java:4859)
	at java.desktop/java.awt.EventQueue.dispatchEventImpl(EventQueue.java:778)
	at java.desktop/java.awt.EventQueue$4.run(EventQueue.java:727)
	at java.desktop/java.awt.EventQueue$4.run(EventQueue.java:721)
	at java.base/java.security.AccessController.doPrivileged(Native Method)
	at java.base/java.security.ProtectionDomain$JavaSecurityAccessImpl.doIntersectionPrivilege(ProtectionDomain.java:85)
	at java.base/java.security.ProtectionDomain$JavaSecurityAccessImpl.doIntersectionPrivilege(ProtectionDomain.java:95)
	at java.desktop/java.awt.EventQueue$5.run(EventQueue.java:751)
	at java.desktop/java.awt.EventQueue$5.run(EventQueue.java:749)
	at java.base/java.security.AccessController.doPrivileged(Native Method)
	at java.base/java.security.ProtectionDomain$JavaSecurityAccessImpl.doIntersectionPrivilege(ProtectionDomain.java:85)
	at java.desktop/java.awt.EventQueue.dispatchEvent(EventQueue.java:748)
	at com.intellij.ide.IdeEventQueue.defaultDispatchEvent(IdeEventQueue.java:976)
	at com.intellij.ide.IdeEventQueue.dispatchMouseEvent(IdeEventQueue.java:911)
	at com.intellij.ide.IdeEventQueue._dispatchEvent(IdeEventQueue.java:840)
	at com.intellij.ide.IdeEventQueue.lambda$dispatchEvent$8(IdeEventQueue.java:454)
	at com.intellij.openapi.progress.impl.CoreProgressManager.computePrioritized(CoreProgressManager.java:773)
	at com.intellij.ide.IdeEventQueue.lambda$dispatchEvent$9(IdeEventQueue.java:453)
	at com.intellij.openapi.application.impl.ApplicationImpl.runIntendedWriteActionOnCurrentThread(ApplicationImpl.java:822)
	at com.intellij.ide.IdeEventQueue.dispatchEvent(IdeEventQueue.java:507)
	at java.desktop/java.awt.EventDispatchThread.pumpOneEventForFilters(EventDispatchThread.java:203)
	at java.desktop/java.awt.EventDispatchThread.pumpEventsForFilter(EventDispatchThread.java:124)
	at java.desktop/java.awt.EventDispatchThread.pumpEventsForHierarchy(EventDispatchThread.java:113)
	at java.desktop/java.awt.EventDispatchThread.pumpEvents(EventDispatchThread.java:109)
	at java.desktop/java.awt.EventDispatchThread.pumpEvents(EventDispatchThread.java:101)
	at java.desktop/java.awt.EventDispatchThread.run(EventDispatchThread.java:90)
2021-03-05 10:59:04,803 [  40373]  ERROR - #com.intellij.ui.jcef.JBCefApp - PhpStorm 2020.3.2  Build #PS-203.7148.74 
2021-03-05 10:59:04,804 [  40374]  ERROR - #com.intellij.ui.jcef.JBCefApp - JDK: 11.0.9.1; VM: OpenJDK 64-Bit Server VM; Vendor: JetBrains s.r.o. 
2021-03-05 10:59:04,804 [  40374]  ERROR - #com.intellij.ui.jcef.JBCefApp - OS: Linux 
2021-03-05 10:59:04,805 [  40375]  ERROR - #com.intellij.ui.jcef.JBCefApp - Last Action: WelcomeScreen.OpenDirectoryProject 
2021-03-05 10:59:04,805 [  40375]  ERROR - #com.intellij.ui.jcef.JBCefApp - Current Command:  
2021-03-05 10:59:04,811 [  40381]  ERROR - pplication.impl.LaterInvocator - null 
java.lang.ExceptionInInitializerError
	at org.intellij.plugins.markdown.ui.preview.jcef.JCEFHtmlPanelProvider.createHtmlPanel(JCEFHtmlPanelProvider.java:14)
	at org.intellij.plugins.markdown.ui.preview.MarkdownPreviewFileEditor.attachHtmlPanel(MarkdownPreviewFileEditor.java:337)
	at org.intellij.plugins.markdown.ui.preview.MarkdownPreviewFileEditor.<init>(MarkdownPreviewFileEditor.java:127)
	at org.intellij.plugins.markdown.ui.preview.MarkdownPreviewFileEditorProvider.createEditor(MarkdownPreviewFileEditorProvider.java:28)
	at org.intellij.plugins.markdown.ui.split.SplitTextEditorProvider$2.build(SplitTextEditorProvider.java:146)
	at org.intellij.plugins.markdown.ui.split.SplitTextEditorProvider$1.build(SplitTextEditorProvider.java:71)
	at com.intellij.openapi.fileEditor.impl.FileEditorManagerImpl.openFileImpl4Edt(FileEditorManagerImpl.java:891)
	at com.intellij.openapi.fileEditor.impl.FileEditorManagerImpl.lambda$openFileImpl4$17(FileEditorManagerImpl.java:860)
	at com.intellij.openapi.fileEditor.impl.FileEditorManagerImpl.runBulkTabChange(FileEditorManagerImpl.java:1680)
	at com.intellij.openapi.fileEditor.impl.FileEditorManagerImpl.lambda$openFileImpl4$18(FileEditorManagerImpl.java:859)
	at com.intellij.openapi.application.impl.ApplicationImpl.invokeAndWait(ApplicationImpl.java:463)
	at com.intellij.openapi.application.impl.ApplicationImpl.invokeAndWait(ApplicationImpl.java:481)
	at com.intellij.openapi.fileEditor.impl.FileEditorManagerImpl.openFileImpl4(FileEditorManagerImpl.java:858)
	at com.intellij.openapi.fileEditor.impl.FileEditorManagerImpl.openFileImpl3(FileEditorManagerImpl.java:804)
	at com.intellij.openapi.fileEditor.impl.FileEditorManagerImpl.lambda$openFileImpl2$14(FileEditorManagerImpl.java:785)
	at com.intellij.openapi.command.impl.CoreCommandProcessor.executeCommand(CoreCommandProcessor.java:220)
	at com.intellij.openapi.command.impl.CoreCommandProcessor.executeCommand(CoreCommandProcessor.java:177)
	at com.intellij.openapi.command.impl.CoreCommandProcessor.executeCommand(CoreCommandProcessor.java:167)
	at com.intellij.openapi.command.impl.CoreCommandProcessor.executeCommand(CoreCommandProcessor.java:153)
	at com.intellij.openapi.fileEditor.impl.FileEditorManagerImpl.openFileImpl2(FileEditorManagerImpl.java:785)
	at com.intellij.openapi.fileEditor.impl.FileEditorManagerImpl.openFileWithProviders(FileEditorManagerImpl.java:678)
	at com.intellij.openapi.fileEditor.ex.FileEditorManagerEx.openFile(FileEditorManagerEx.java:126)
	at com.intellij.openapi.fileEditor.impl.OpenFilesActivity.lambda$findAndOpenReadme$3(OpenFilesActivity.java:67)
	at com.intellij.openapi.application.TransactionGuardImpl.runWithWritingAllowed(TransactionGuardImpl.java:216)
	at com.intellij.openapi.application.TransactionGuardImpl.access$200(TransactionGuardImpl.java:24)
	at com.intellij.openapi.application.TransactionGuardImpl$2.run(TransactionGuardImpl.java:199)
	at com.intellij.openapi.application.impl.ApplicationImpl.runIntendedWriteActionOnCurrentThread(ApplicationImpl.java:822)
	at com.intellij.openapi.application.impl.ApplicationImpl.lambda$invokeLater$4(ApplicationImpl.java:324)
	at com.intellij.openapi.application.impl.FlushQueue.doRun(FlushQueue.java:85)
	at com.intellij.openapi.application.impl.FlushQueue.runNextEvent(FlushQueue.java:134)
	at com.intellij.openapi.application.impl.FlushQueue.flushNow(FlushQueue.java:47)
	at com.intellij.openapi.application.impl.FlushQueue$FlushNow.run(FlushQueue.java:190)
	at java.desktop/java.awt.event.InvocationEvent.dispatch(InvocationEvent.java:313)
	at java.desktop/java.awt.EventQueue.dispatchEventImpl(EventQueue.java:776)
	at java.desktop/java.awt.EventQueue$4.run(EventQueue.java:727)
	at java.desktop/java.awt.EventQueue$4.run(EventQueue.java:721)
	at java.base/java.security.AccessController.doPrivileged(Native Method)
	at java.base/java.security.ProtectionDomain$JavaSecurityAccessImpl.doIntersectionPrivilege(ProtectionDomain.java:85)
	at java.desktop/java.awt.EventQueue.dispatchEvent(EventQueue.java:746)
	at com.intellij.ide.IdeEventQueue.defaultDispatchEvent(IdeEventQueue.java:976)
	at com.intellij.ide.IdeEventQueue._dispatchEvent(IdeEventQueue.java:843)
	at com.intellij.ide.IdeEventQueue.lambda$dispatchEvent$8(IdeEventQueue.java:454)
	at com.intellij.openapi.progress.impl.CoreProgressManager.computePrioritized(CoreProgressManager.java:773)
	at com.intellij.ide.IdeEventQueue.lambda$dispatchEvent$9(IdeEventQueue.java:453)
	at com.intellij.openapi.application.impl.ApplicationImpl.runIntendedWriteActionOnCurrentThread(ApplicationImpl.java:822)
	at com.intellij.ide.IdeEventQueue.dispatchEvent(IdeEventQueue.java:501)
	at com.intellij.ide.IdeEventQueue.pumpEventsForHierarchy(IdeEventQueue.java:1053)
	at com.intellij.openapi.progress.util.ProgressWindow.pumpEventsForHierarchy(ProgressWindow.java:255)
	at com.intellij.openapi.progress.util.ProgressWindow.lambda$startBlocking$4(ProgressWindow.java:217)
	at com.intellij.openapi.application.impl.ApplicationImpl.runUnlockingIntendedWrite(ApplicationImpl.java:848)
	at com.intellij.openapi.progress.util.ProgressWindow.startBlocking(ProgressWindow.java:216)
	at com.intellij.openapi.progress.impl.ProgressRunner.lambda$legacyExec$6(ProgressRunner.java:304)
	at java.base/java.util.concurrent.CompletableFuture.uniAcceptNow(CompletableFuture.java:753)
	at java.base/java.util.concurrent.CompletableFuture.uniAcceptStage(CompletableFuture.java:731)
	at java.base/java.util.concurrent.CompletableFuture.thenAccept(CompletableFuture.java:2108)
	at com.intellij.openapi.progress.impl.ProgressRunner.legacyExec(ProgressRunner.java:302)
	at com.intellij.openapi.progress.impl.ProgressRunner.submit(ProgressRunner.java:250)
	at com.intellij.openapi.progress.impl.ProgressRunner.submitAndGet(ProgressRunner.java:171)
	at com.intellij.openapi.application.impl.ApplicationImpl.runProcessWithProgressSynchronously(ApplicationImpl.java:422)
	at com.intellij.openapi.project.impl.ProjectUiFrameAllocator.run(ProjectFrameAllocator.kt:102)
	at com.intellij.openapi.project.impl.ProjectManagerExImpl.openProject(ProjectManagerExImpl.kt:99)
	at com.intellij.ide.actions.OpenFileAction.openExistingDir(OpenFileAction.java:156)
	at com.intellij.ide.actions.OpenFileAction.doOpenFile(OpenFileAction.java:112)
	at com.intellij.ide.actions.OpenFileAction.lambda$actionPerformed$0(OpenFileAction.java:73)
	at com.intellij.openapi.fileChooser.ex.FileChooserDialogImpl.choose(FileChooserDialogImpl.java:146)
	at com.intellij.openapi.fileChooser.FileChooser.chooseFiles(FileChooser.java:101)
	at com.intellij.openapi.fileChooser.FileChooser.chooseFiles(FileChooser.java:79)
	at com.intellij.ide.actions.OpenFileAction.actionPerformed(OpenFileAction.java:64)
	at com.intellij.openapi.actionSystem.ex.ActionUtil.performActionDumbAware(ActionUtil.java:281)
	at com.intellij.openapi.actionSystem.ex.ActionUtil.performActionDumbAwareWithCallbacks(ActionUtil.java:275)
	at com.intellij.openapi.wm.impl.welcomeScreen.WelcomeScreenActionsUtil.performAnActionForComponent(WelcomeScreenActionsUtil.java:99)
	at com.intellij.openapi.wm.impl.welcomeScreen.WelcomeScreenActionsUtil$LargeIconWithTextWrapper.lambda$new$0(WelcomeScreenActionsUtil.java:128)
	at java.desktop/javax.swing.AbstractButton.fireActionPerformed(AbstractButton.java:1967)
	at java.desktop/javax.swing.AbstractButton$Handler.actionPerformed(AbstractButton.java:2308)
	at java.desktop/javax.swing.DefaultButtonModel.fireActionPerformed(DefaultButtonModel.java:405)
	at java.desktop/javax.swing.DefaultButtonModel.setPressed(DefaultButtonModel.java:262)
	at java.desktop/javax.swing.plaf.basic.BasicButtonListener.mouseReleased(BasicButtonListener.java:270)
	at java.desktop/java.awt.AWTEventMulticaster.mouseReleased(AWTEventMulticaster.java:297)
	at java.desktop/java.awt.Component.processMouseEvent(Component.java:6652)
	at java.desktop/javax.swing.JComponent.processMouseEvent(JComponent.java:3345)
	at java.desktop/java.awt.Component.processEvent(Component.java:6417)
	at java.desktop/java.awt.Container.processEvent(Container.java:2263)
	at java.desktop/java.awt.Component.dispatchEventImpl(Component.java:5027)
	at java.desktop/java.awt.Container.dispatchEventImpl(Container.java:2321)
	at java.desktop/java.awt.Component.dispatchEvent(Component.java:4859)
	at java.desktop/java.awt.LightweightDispatcher.retargetMouseEvent(Container.java:4918)
	at java.desktop/java.awt.LightweightDispatcher.processMouseEvent(Container.java:4547)
	at java.desktop/java.awt.LightweightDispatcher.dispatchEvent(Container.java:4488)
	at java.desktop/java.awt.Container.dispatchEventImpl(Container.java:2307)
	at java.desktop/java.awt.Window.dispatchEventImpl(Window.java:2780)
	at java.desktop/java.awt.Component.dispatchEvent(Component.java:4859)
	at java.desktop/java.awt.EventQueue.dispatchEventImpl(EventQueue.java:778)
	at java.desktop/java.awt.EventQueue$4.run(EventQueue.java:727)
	at java.desktop/java.awt.EventQueue$4.run(EventQueue.java:721)
	at java.base/java.security.AccessController.doPrivileged(Native Method)
	at java.base/java.security.ProtectionDomain$JavaSecurityAccessImpl.doIntersectionPrivilege(ProtectionDomain.java:85)
	at java.base/java.security.ProtectionDomain$JavaSecurityAccessImpl.doIntersectionPrivilege(ProtectionDomain.java:95)
	at java.desktop/java.awt.EventQueue$5.run(EventQueue.java:751)
	at java.desktop/java.awt.EventQueue$5.run(EventQueue.java:749)
	at java.base/java.security.AccessController.doPrivileged(Native Method)
	at java.base/java.security.ProtectionDomain$JavaSecurityAccessImpl.doIntersectionPrivilege(ProtectionDomain.java:85)
	at java.desktop/java.awt.EventQueue.dispatchEvent(EventQueue.java:748)
	at com.intellij.ide.IdeEventQueue.defaultDispatchEvent(IdeEventQueue.java:976)
	at com.intellij.ide.IdeEventQueue.dispatchMouseEvent(IdeEventQueue.java:911)
	at com.intellij.ide.IdeEventQueue._dispatchEvent(IdeEventQueue.java:840)
	at com.intellij.ide.IdeEventQueue.lambda$dispatchEvent$8(IdeEventQueue.java:454)
	at com.intellij.openapi.progress.impl.CoreProgressManager.computePrioritized(CoreProgressManager.java:773)
	at com.intellij.ide.IdeEventQueue.lambda$dispatchEvent$9(IdeEventQueue.java:453)
	at com.intellij.openapi.application.impl.ApplicationImpl.runIntendedWriteActionOnCurrentThread(ApplicationImpl.java:822)
	at com.intellij.ide.IdeEventQueue.dispatchEvent(IdeEventQueue.java:507)
	at java.desktop/java.awt.EventDispatchThread.pumpOneEventForFilters(EventDispatchThread.java:203)
	at java.desktop/java.awt.EventDispatchThread.pumpEventsForFilter(EventDispatchThread.java:124)
	at java.desktop/java.awt.EventDispatchThread.pumpEventsForHierarchy(EventDispatchThread.java:113)
	at java.desktop/java.awt.EventDispatchThread.pumpEvents(EventDispatchThread.java:109)
	at java.desktop/java.awt.EventDispatchThread.pumpEvents(EventDispatchThread.java:101)
	at java.desktop/java.awt.EventDispatchThread.run(EventDispatchThread.java:90)
Caused by: java.lang.IllegalStateException: JCEF is not supported in this env or failed to initialize
	at com.intellij.ui.jcef.JBCefApp.getInstance(JBCefApp.java:195)
	at com.intellij.ui.jcef.JCEFHtmlPanel.<clinit>(JCEFHtmlPanel.java:18)
	... 116 more
2021-03-05 10:59:04,820 [  40390]  ERROR - pplication.impl.LaterInvocator - PhpStorm 2020.3.2  Build #PS-203.7148.74 
2021-03-05 10:59:04,820 [  40390]  ERROR - pplication.impl.LaterInvocator - JDK: 11.0.9.1; VM: OpenJDK 64-Bit Server VM; Vendor: JetBrains s.r.o. 
2021-03-05 10:59:04,820 [  40390]  ERROR - pplication.impl.LaterInvocator - OS: Linux 
2021-03-05 10:59:04,821 [  40391]  ERROR - pplication.impl.LaterInvocator - Last Action: WelcomeScreen.OpenDirectoryProject 
2021-03-05 10:59:14,259 [  49829]   WARN - ernallyAddedFilesProcessorImpl - Cannot find project config directory for non-default and non-directory based project gato 
2021-03-05 11:04:56,009 [ 391579]  ERROR - jediterm.terminal.TerminalMode - Mode EightBitInput is not implemented, setting to true 
2021-03-05 11:04:56,009 [ 391579]  ERROR - jediterm.terminal.TerminalMode - Mode EightBitInput is not implemented, setting to true 
2021-03-05 11:04:56,010 [ 391580]  ERROR - jediterm.terminal.TerminalMode - Mode EightBitInput is not implemented, setting to true 
2021-03-05 11:04:56,013 [ 391583]  ERROR - jediterm.terminal.TerminalMode - Mode EightBitInput is not implemented, setting to true 
2021-03-05 11:04:56,017 [ 391587]  ERROR - jediterm.terminal.TerminalMode - Mode EightBitInput is not implemented, setting to true 
2021-03-05 11:04:56,017 [ 391587]  ERROR - jediterm.terminal.TerminalMode - Mode EightBitInput is not implemented, setting to true 
2021-03-05 11:04:56,017 [ 391587]  ERROR - jediterm.terminal.TerminalMode - Mode EightBitInput is not implemented, setting to true 
2021-03-05 11:04:56,019 [ 391589]  ERROR - terminal.emulator.JediEmulator - Error processing OSC 777;notify;Command completed;nohup sh phpstorm.sh 
2021-03-05 11:04:56,019 [ 391589]  ERROR - jediterm.terminal.TerminalMode - Mode EightBitInput is not implemented, setting to true 
2021-03-05 11:29:51,958 [1887528]  ERROR - terminal.emulator.JediEmulator - Error processing OSC 777;notify;Command completed;php artisan serve --host=0.0.0.0 
OpenJDK 64-Bit Server VM warning: Option UseConcMarkSweepGC was deprecated in version 9.0 and will likely be removed in a future release.
2021-03-05 18:04:00,793 [  18279]  ERROR - jediterm.terminal.TerminalMode - Mode EightBitInput is not implemented, setting to true 
2021-03-05 18:04:00,794 [  18280]  ERROR - jediterm.terminal.TerminalMode - Mode EightBitInput is not implemented, setting to true 
2021-03-05 18:04:00,794 [  18280]  ERROR - jediterm.terminal.TerminalMode - Mode EightBitInput is not implemented, setting to true 
2021-03-05 18:04:00,794 [  18280]  ERROR - jediterm.terminal.TerminalMode - Mode EightBitInput is not implemented, setting to true 
2021-03-05 18:04:00,794 [  18280]  ERROR - jediterm.terminal.TerminalMode - Mode EightBitInput is not implemented, setting to true 
2021-03-05 18:04:00,795 [  18281]  ERROR - jediterm.terminal.TerminalMode - Mode EightBitInput is not implemented, setting to true 
2021-03-05 18:04:00,795 [  18281]  ERROR - jediterm.terminal.TerminalMode - Mode EightBitInput is not implemented, setting to true 
2021-03-05 18:04:00,795 [  18281]  ERROR - terminal.emulator.JediEmulator - Error processing OSC 777;notify;Command completed;nohup sh phpstorm.sh 
2021-03-05 18:04:00,795 [  18281]  ERROR - jediterm.terminal.TerminalMode - Mode EightBitInput is not implemented, setting to true 
